Post Processor Report
OrCAD FILE: W:\PROJECT WORKSPACE\PROJECT_WORK\AMOEBA2\IPS SCHEMATIC VER2_FINALPCB\IPS-1.MAX
Tue Jun 12 17:43:25 2018

*********************************************************

Output file: W:\PROJECT WORKSPACE\PROJECT_WORK\AMOEBA2\IPS SCHEMATIC VER2_FINALPCB\IPS-1.TOP

Aperture totals for W:\PROJECT WORKSPACE\PROJECT_WORK\AMOEBA2\IPS SCHEMATIC VER2_FINALPCB\IPS-1.TOP:
---------------------------------------------------------
D10:  0.1378 ROUND  --       0 Draws,      16 Flashes
D11:  0.0550 ROUND  --       0 Draws,     215 Flashes
D12:  0.1575 ROUND  --       0 Draws,       8 Flashes
D13:  0.0606 ROUND  --       0 Draws,       4 Flashes
D14:  0.0394 x 0.0905 RECTANGLE -----       6 Flashes
D15:  0.0433 x 0.0669 RECTANGLE -----      64 Flashes
D16:  0.0669 x 0.0433 RECTANGLE -----      72 Flashes
D17:  0.1063 x 0.0394 RECTANGLE -----      12 Flashes
D18:  0.0512 x 0.0472 RECTANGLE -----      30 Flashes
D19:  0.0472 x 0.0512 RECTANGLE -----      62 Flashes
D20:  0.0630 x 0.1378 RECTANGLE -----       4 Flashes
D21:  0.0787 ROUND  --       0 Draws,      11 Flashes
D22:  0.1968 SQUARE --       0 Draws,      10 Flashes
D23:  0.0866 ROUND  --       0 Draws,      10 Flashes
D24:  0.1772 ROUND  --       0 Draws,       5 Flashes
D25:  0.0750 ROUND  --       0 Draws,      12 Flashes
D26:  0.0750 SQUARE --       0 Draws,       6 Flashes
D27:  0.0354 SQUARE --       0 Draws,      10 Flashes
D28:  0.0571 x 0.0787 RECTANGLE -----       8 Flashes
D29:  0.0334 x 0.0256 RECTANGLE -----       6 Flashes
D30:  0.0787 x 0.0571 RECTANGLE -----       2 Flashes
D31:  0.0256 x 0.0334 RECTANGLE -----       2 Flashes
D32:  0.1181 ROUND  --       0 Draws,       8 Flashes
D33:  0.0940 x 0.0256 OBLONG    -----      21 Flashes
D34:  0.0940 x 0.0256 RECTANGLE -----       3 Flashes
D35:  0.0256 x 0.0940 OBLONG    -----      21 Flashes
D36:  0.0256 x 0.0940 RECTANGLE -----       3 Flashes
D37:  0.0400 x 0.0560 RECTANGLE -----       3 Flashes
D38:  0.0472 x 0.0236 RECTANGLE -----      10 Flashes
D39:  0.0606 x 0.0606 OBLONG    -----      20 Flashes
D40:  0.0886 SQUARE --       0 Draws,       2 Flashes
D41:  0.0886 ROUND  --       0 Draws,       3 Flashes
D42:  0.0880 x 0.1420 RECTANGLE -----       1 Flashes
D43:  0.0880 x 0.0480 RECTANGLE -----       3 Flashes
D44:  0.0472 ROUND  --       0 Draws,       2 Flashes
D45:  0.0433 SQUARE --       0 Draws,       1 Flashes
D46:  0.0560 x 0.0400 RECTANGLE -----       3 Flashes
D47:  0.0708 x 0.1496 RECTANGLE -----       2 Flashes
D48:  0.3346 SQUARE --       0 Draws,       2 Flashes
D49:  0.0551 ROUND  --       0 Draws,       8 Flashes
D50:  0.0531 ROUND  --       0 Draws,       4 Flashes
D51:  0.0531 SQUARE --       0 Draws,       4 Flashes
D52:  0.0334 x 0.0620 RECTANGLE -----       4 Flashes
D53:  0.0886 x 0.0256 OBLONG    -----      15 Flashes
D54:  0.0886 x 0.0256 RECTANGLE -----       1 Flashes
D55:  0.1063 x 0.0551 OBLONG    -----       4 Flashes
D56:  0.0945 x 0.0551 RECTANGLE -----       1 Flashes
D57:  0.0177 x 0.0689 OBLONG    -----      25 Flashes
D58:  0.0177 x 0.0689 RECTANGLE -----       3 Flashes
D59:  0.0640 x 0.0320 RECTANGLE -----       2 Flashes
D60:  0.0940 x 0.0320 RECTANGLE -----       1 Flashes
D61:  0.0039 ROUND  --     816 Draws,       0 Flashes
D62:  0.0100 ROUND  --    6718 Draws,       0 Flashes
D63:  0.0010 ROUND  --     260 Draws,       0 Flashes
D64:  0.0079 ROUND  --     631 Draws,       0 Flashes
D65:  0.0059 ROUND  --      73 Draws,       0 Flashes
D66:  0.0394 ROUND  --       0 Draws,       1 Flashes
D67:  0.0120 ROUND  --     248 Draws,       0 Flashes
D68:  0.0080 ROUND  --      71 Draws,       0 Flashes
D69:  0.0394 ROUND  --     406 Draws,       0 Flashes
D70:  0.0472 ROUND  --      35 Draws,       0 Flashes
D71:  0.0394 ROUND  --       0 Draws,      90 Flashes
D72:  0.0276 ROUND  --      95 Draws,       0 Flashes
D73:  0.0197 ROUND  --     266 Draws,       0 Flashes
D74:  0.1181 ROUND  --       8 Draws,       0 Flashes
D75:  0.0118 ROUND  --      11 Draws,       0 Flashes
D76:  0.0140 ROUND  --       0 Draws,     105 Flashes
D77:  0.0140 ROUND  --       0 Draws,     354 Flashes
---------------------------------------------------------
 68 D-Codes      -----    9638 Draws,    1305 Flashes

*********************************************************

Output file: W:\PROJECT WORKSPACE\PROJECT_WORK\AMOEBA2\IPS SCHEMATIC VER2_FINALPCB\IPS-1.BOT

Aperture totals for W:\PROJECT WORKSPACE\PROJECT_WORK\AMOEBA2\IPS SCHEMATIC VER2_FINALPCB\IPS-1.BOT:
---------------------------------------------------------
D10:  0.1378 ROUND  --       0 Draws,      16 Flashes
D11:  0.0550 ROUND  --       0 Draws,     215 Flashes
D12:  0.1575 ROUND  --       0 Draws,       8 Flashes
D13:  0.0606 ROUND  --       0 Draws,      24 Flashes
D21:  0.0787 ROUND  --       0 Draws,      11 Flashes
D22:  0.1968 SQUARE --       0 Draws,      10 Flashes
D23:  0.0866 ROUND  --       0 Draws,      10 Flashes
D24:  0.1772 ROUND  --       0 Draws,       5 Flashes
D25:  0.0750 ROUND  --       0 Draws,      12 Flashes
D26:  0.0750 SQUARE --       0 Draws,       6 Flashes
D32:  0.1181 ROUND  --       0 Draws,       8 Flashes
D40:  0.0886 SQUARE --       0 Draws,       2 Flashes
D41:  0.0886 ROUND  --       0 Draws,       3 Flashes
D44:  0.0472 ROUND  --       0 Draws,       2 Flashes
D45:  0.0433 SQUARE --       0 Draws,       1 Flashes
D49:  0.0551 ROUND  --       0 Draws,       8 Flashes
D50:  0.0531 ROUND  --       0 Draws,       4 Flashes
D51:  0.0531 SQUARE --       0 Draws,       4 Flashes
D55:  0.1063 x 0.0551 OBLONG    -----       4 Flashes
D56:  0.0945 x 0.0551 RECTANGLE -----       1 Flashes
D61:  0.0039 ROUND  --     816 Draws,       0 Flashes
D62:  0.0100 ROUND  --    7060 Draws,       0 Flashes
D64:  0.0079 ROUND  --     226 Draws,       0 Flashes
D65:  0.0059 ROUND  --    5756 Draws,       0 Flashes
D66:  0.0394 ROUND  --       0 Draws,       1 Flashes
D67:  0.0120 ROUND  --      42 Draws,       0 Flashes
D68:  0.0080 ROUND  --      29 Draws,       0 Flashes
D69:  0.0394 ROUND  --      39 Draws,       0 Flashes
D71:  0.0394 ROUND  --       0 Draws,      90 Flashes
D73:  0.0197 ROUND  --      69 Draws,       0 Flashes
D74:  0.1181 ROUND  --      25 Draws,       0 Flashes
D76:  0.0140 ROUND  --       0 Draws,     105 Flashes
D77:  0.0140 ROUND  --       0 Draws,     354 Flashes
D78:  0.0787 ROUND  --       4 Draws,       0 Flashes
D79:  0.0590 ROUND  --     115 Draws,       0 Flashes
D80:  0.0984 ROUND  --       3 Draws,       0 Flashes
---------------------------------------------------------
 36 D-Codes      -----   14184 Draws,     904 Flashes

*********************************************************

Output file: W:\PROJECT WORKSPACE\PROJECT_WORK\AMOEBA2\IPS SCHEMATIC VER2_FINALPCB\IPS-1.SMT

Aperture totals for W:\PROJECT WORKSPACE\PROJECT_WORK\AMOEBA2\IPS SCHEMATIC VER2_FINALPCB\IPS-1.SMT:
---------------------------------------------------------
D10:  0.1378 ROUND  --       0 Draws,      16 Flashes
D18:  0.0512 x 0.0472 RECTANGLE -----      30 Flashes
D19:  0.0472 x 0.0512 RECTANGLE -----      62 Flashes
D21:  0.0787 ROUND  --       0 Draws,      12 Flashes
D23:  0.0866 ROUND  --       0 Draws,      11 Flashes
D37:  0.0400 x 0.0560 RECTANGLE -----       3 Flashes
D38:  0.0472 x 0.0236 RECTANGLE -----      10 Flashes
D42:  0.0880 x 0.1420 RECTANGLE -----       1 Flashes
D43:  0.0880 x 0.0480 RECTANGLE -----       3 Flashes
D46:  0.0560 x 0.0400 RECTANGLE -----       3 Flashes
D48:  0.3346 SQUARE --       0 Draws,       2 Flashes
D49:  0.0551 ROUND  --       0 Draws,       2 Flashes
D56:  0.0945 x 0.0551 RECTANGLE -----       1 Flashes
D59:  0.0640 x 0.0320 RECTANGLE -----       2 Flashes
D60:  0.0940 x 0.0320 RECTANGLE -----       1 Flashes
D62:  0.0100 ROUND  --     584 Draws,       0 Flashes
D63:  0.0010 ROUND  --     260 Draws,       0 Flashes
D76:  0.0140 ROUND  --       0 Draws,     105 Flashes
D77:  0.0140 ROUND  --       0 Draws,     354 Flashes
D81:  0.0600 ROUND  --       0 Draws,     215 Flashes
D82:  0.1693 ROUND  --       0 Draws,       8 Flashes
D83:  0.0724 ROUND  --       0 Draws,      24 Flashes
D84:  0.0512 x 0.1023 RECTANGLE -----       6 Flashes
D85:  0.0472 x 0.0708 RECTANGLE -----      64 Flashes
D86:  0.0708 x 0.0472 RECTANGLE -----      72 Flashes
D87:  0.1063 x 0.0512 RECTANGLE -----      12 Flashes
D88:  0.0669 x 0.1417 RECTANGLE -----       4 Flashes
D89:  0.2086 SQUARE --       0 Draws,       2 Flashes
D90:  0.2047 SQUARE --       0 Draws,       8 Flashes
D91:  0.0945 ROUND  --       0 Draws,       8 Flashes
D92:  0.1850 ROUND  --       0 Draws,       5 Flashes
D93:  0.0787 SQUARE --       0 Draws,       6 Flashes
D94:  0.0394 SQUARE --       0 Draws,      10 Flashes
D95:  0.0630 x 0.0866 RECTANGLE -----       8 Flashes
D96:  0.0354 x 0.0275 RECTANGLE -----       6 Flashes
D97:  0.0866 x 0.0630 RECTANGLE -----       2 Flashes
D98:  0.0275 x 0.0354 RECTANGLE -----       2 Flashes
D99:  0.1299 ROUND  --       0 Draws,       8 Flashes
D100: 0.0984 ROUND  --       0 Draws,       2 Flashes
D101: 0.0979 x 0.0295 OBLONG    -----      21 Flashes
D102: 0.0979 x 0.0295 RECTANGLE -----       3 Flashes
D103: 0.0295 x 0.0979 OBLONG    -----      21 Flashes
D104: 0.0295 x 0.0979 RECTANGLE -----       3 Flashes
D105: 0.0964 SQUARE --       0 Draws,       2 Flashes
D106: 0.0964 ROUND  --       0 Draws,       3 Flashes
D107: 0.0551 SQUARE --       0 Draws,       1 Flashes
D108: 0.0748 x 0.1535 RECTANGLE -----       2 Flashes
D109: 0.0669 ROUND  --       0 Draws,       8 Flashes
D110: 0.0649 ROUND  --       0 Draws,       4 Flashes
D111: 0.0649 SQUARE --       0 Draws,       4 Flashes
D112: 0.0394 x 0.0670 RECTANGLE -----       4 Flashes
D113: 0.0925 x 0.0295 OBLONG    -----      15 Flashes
D114: 0.0925 x 0.0295 RECTANGLE -----       1 Flashes
D115: 0.1142 x 0.0551 OBLONG    -----       4 Flashes
D116: 0.0216 x 0.0728 OBLONG    -----      25 Flashes
D117: 0.0216 x 0.0728 RECTANGLE -----       3 Flashes
D118: 0.0472 ROUND  --       0 Draws,      66 Flashes
D119: 0.0472 ROUND  --       0 Draws,      25 Flashes
---------------------------------------------------------
 58 D-Codes      -----     844 Draws,    1305 Flashes

*********************************************************

Output file: W:\PROJECT WORKSPACE\PROJECT_WORK\AMOEBA2\IPS SCHEMATIC VER2_FINALPCB\IPS-1.SMB

Aperture totals for W:\PROJECT WORKSPACE\PROJECT_WORK\AMOEBA2\IPS SCHEMATIC VER2_FINALPCB\IPS-1.SMB:
---------------------------------------------------------
D10:  0.1378 ROUND  --       0 Draws,      16 Flashes
D21:  0.0787 ROUND  --       0 Draws,      12 Flashes
D23:  0.0866 ROUND  --       0 Draws,      11 Flashes
D49:  0.0551 ROUND  --       0 Draws,       2 Flashes
D56:  0.0945 x 0.0551 RECTANGLE -----       1 Flashes
D62:  0.0100 ROUND  --    6109 Draws,       0 Flashes
D76:  0.0140 ROUND  --       0 Draws,     105 Flashes
D77:  0.0140 ROUND  --       0 Draws,     354 Flashes
D81:  0.0600 ROUND  --       0 Draws,     215 Flashes
D82:  0.1693 ROUND  --       0 Draws,       8 Flashes
D83:  0.0724 ROUND  --       0 Draws,      24 Flashes
D89:  0.2086 SQUARE --       0 Draws,       2 Flashes
D90:  0.2047 SQUARE --       0 Draws,       8 Flashes
D91:  0.0945 ROUND  --       0 Draws,       8 Flashes
D92:  0.1850 ROUND  --       0 Draws,       5 Flashes
D93:  0.0787 SQUARE --       0 Draws,       6 Flashes
D99:  0.1299 ROUND  --       0 Draws,       8 Flashes
D100: 0.0984 ROUND  --       0 Draws,       2 Flashes
D105: 0.0964 SQUARE --       0 Draws,       2 Flashes
D106: 0.0964 ROUND  --       0 Draws,       3 Flashes
D107: 0.0551 SQUARE --       0 Draws,       1 Flashes
D109: 0.0669 ROUND  --       0 Draws,       8 Flashes
D110: 0.0649 ROUND  --       0 Draws,       4 Flashes
D111: 0.0649 SQUARE --       0 Draws,       4 Flashes
D115: 0.1142 x 0.0551 OBLONG    -----       4 Flashes
D118: 0.0472 ROUND  --       0 Draws,      66 Flashes
D119: 0.0472 ROUND  --       0 Draws,      25 Flashes
---------------------------------------------------------
 27 D-Codes      -----    6109 Draws,     904 Flashes

*********************************************************

Output file: W:\PROJECT WORKSPACE\PROJECT_WORK\AMOEBA2\IPS SCHEMATIC VER2_FINALPCB\IPS-1.SST

Aperture totals for W:\PROJECT WORKSPACE\PROJECT_WORK\AMOEBA2\IPS SCHEMATIC VER2_FINALPCB\IPS-1.SST:
---------------------------------------------------------
D61:  0.0039 ROUND  --     610 Draws,       0 Flashes
D62:  0.0100 ROUND  --     783 Draws,       0 Flashes
D64:  0.0079 ROUND  --     750 Draws,       0 Flashes
D68:  0.0080 ROUND  --     192 Draws,       0 Flashes
D73:  0.0197 ROUND  --      12 Draws,       0 Flashes
D76:  0.0140 ROUND  --       0 Draws,     105 Flashes
D77:  0.0140 ROUND  --       0 Draws,     354 Flashes
D120: 0.0157 ROUND  --       9 Draws,       0 Flashes
D121: 0.0098 ROUND  --    4088 Draws,       0 Flashes
D122: 0.0060 ROUND  --       8 Draws,       0 Flashes
D123: 0.0086 ROUND  --       4 Draws,       0 Flashes
D124: 0.0138 ROUND  --     206 Draws,       0 Flashes
---------------------------------------------------------
 12 D-Codes      -----    6662 Draws,     459 Flashes

*********************************************************

Output file: W:\PROJECT WORKSPACE\PROJECT_WORK\AMOEBA2\IPS SCHEMATIC VER2_FINALPCB\IPS-1.DRD

Aperture totals for W:\PROJECT WORKSPACE\PROJECT_WORK\AMOEBA2\IPS SCHEMATIC VER2_FINALPCB\IPS-1.DRD:
---------------------------------------------------------
D62:  0.0100 ROUND  --    4368 Draws,       0 Flashes
D69:  0.0394 ROUND  --       5 Draws,       0 Flashes
---------------------------------------------------------
  2 D-Codes      -----    4373 Draws,       0 Flashes


*********************************************************

Aperture totals for entire project:
---------------------------------------------------------
D10:  0.1378 ROUND  --       0 Draws,      64 Flashes
D11:  0.0550 ROUND  --       0 Draws,     430 Flashes
D12:  0.1575 ROUND  --       0 Draws,      16 Flashes
D13:  0.0606 ROUND  --       0 Draws,      28 Flashes
D14:  0.0394 x 0.0905 RECTANGLE -----       6 Flashes
D15:  0.0433 x 0.0669 RECTANGLE -----      64 Flashes
D16:  0.0669 x 0.0433 RECTANGLE -----      72 Flashes
D17:  0.1063 x 0.0394 RECTANGLE -----      12 Flashes
D18:  0.0512 x 0.0472 RECTANGLE -----      60 Flashes
D19:  0.0472 x 0.0512 RECTANGLE -----     124 Flashes
D20:  0.0630 x 0.1378 RECTANGLE -----       4 Flashes
D21:  0.0787 ROUND  --       0 Draws,      46 Flashes
D22:  0.1968 SQUARE --       0 Draws,      20 Flashes
D23:  0.0866 ROUND  --       0 Draws,      42 Flashes
D24:  0.1772 ROUND  --       0 Draws,      10 Flashes
D25:  0.0750 ROUND  --       0 Draws,      24 Flashes
D26:  0.0750 SQUARE --       0 Draws,      12 Flashes
D27:  0.0354 SQUARE --       0 Draws,      10 Flashes
D28:  0.0571 x 0.0787 RECTANGLE -----       8 Flashes
D29:  0.0334 x 0.0256 RECTANGLE -----       6 Flashes
D30:  0.0787 x 0.0571 RECTANGLE -----       2 Flashes
D31:  0.0256 x 0.0334 RECTANGLE -----       2 Flashes
D32:  0.1181 ROUND  --       0 Draws,      16 Flashes
D33:  0.0940 x 0.0256 OBLONG    -----      21 Flashes
D34:  0.0940 x 0.0256 RECTANGLE -----       3 Flashes
D35:  0.0256 x 0.0940 OBLONG    -----      21 Flashes
D36:  0.0256 x 0.0940 RECTANGLE -----       3 Flashes
D37:  0.0400 x 0.0560 RECTANGLE -----       6 Flashes
D38:  0.0472 x 0.0236 RECTANGLE -----      20 Flashes
D39:  0.0606 x 0.0606 OBLONG    -----      20 Flashes
D40:  0.0886 SQUARE --       0 Draws,       4 Flashes
D41:  0.0886 ROUND  --       0 Draws,       6 Flashes
D42:  0.0880 x 0.1420 RECTANGLE -----       2 Flashes
D43:  0.0880 x 0.0480 RECTANGLE -----       6 Flashes
D44:  0.0472 ROUND  --       0 Draws,       4 Flashes
D45:  0.0433 SQUARE --       0 Draws,       2 Flashes
D46:  0.0560 x 0.0400 RECTANGLE -----       6 Flashes
D47:  0.0708 x 0.1496 RECTANGLE -----       2 Flashes
D48:  0.3346 SQUARE --       0 Draws,       4 Flashes
D49:  0.0551 ROUND  --       0 Draws,      20 Flashes
D50:  0.0531 ROUND  --       0 Draws,       8 Flashes
D51:  0.0531 SQUARE --       0 Draws,       8 Flashes
D52:  0.0334 x 0.0620 RECTANGLE -----       4 Flashes
D53:  0.0886 x 0.0256 OBLONG    -----      15 Flashes
D54:  0.0886 x 0.0256 RECTANGLE -----       1 Flashes
D55:  0.1063 x 0.0551 OBLONG    -----       8 Flashes
D56:  0.0945 x 0.0551 RECTANGLE -----       4 Flashes
D57:  0.0177 x 0.0689 OBLONG    -----      25 Flashes
D58:  0.0177 x 0.0689 RECTANGLE -----       3 Flashes
D59:  0.0640 x 0.0320 RECTANGLE -----       4 Flashes
D60:  0.0940 x 0.0320 RECTANGLE -----       2 Flashes
D61:  0.0039 ROUND  --    2242 Draws,       0 Flashes
D62:  0.0100 ROUND  --   25622 Draws,       0 Flashes
D63:  0.0010 ROUND  --     520 Draws,       0 Flashes
D64:  0.0079 ROUND  --    1607 Draws,       0 Flashes
D65:  0.0059 ROUND  --    5829 Draws,       0 Flashes
D66:  0.0394 ROUND  --       0 Draws,       2 Flashes
D67:  0.0120 ROUND  --     290 Draws,       0 Flashes
D68:  0.0080 ROUND  --     292 Draws,       0 Flashes
D69:  0.0394 ROUND  --     450 Draws,       0 Flashes
D70:  0.0472 ROUND  --      35 Draws,       0 Flashes
D71:  0.0394 ROUND  --       0 Draws,     180 Flashes
D72:  0.0276 ROUND  --      95 Draws,       0 Flashes
D73:  0.0197 ROUND  --     347 Draws,       0 Flashes
D74:  0.1181 ROUND  --      33 Draws,       0 Flashes
D75:  0.0118 ROUND  --      11 Draws,       0 Flashes
D76:  0.0140 ROUND  --       0 Draws,     525 Flashes
D77:  0.0140 ROUND  --       0 Draws,    1770 Flashes
D78:  0.0787 ROUND  --       4 Draws,       0 Flashes
D79:  0.0590 ROUND  --     115 Draws,       0 Flashes
D80:  0.0984 ROUND  --       3 Draws,       0 Flashes
D81:  0.0600 ROUND  --       0 Draws,     430 Flashes
D82:  0.1693 ROUND  --       0 Draws,      16 Flashes
D83:  0.0724 ROUND  --       0 Draws,      48 Flashes
D84:  0.0512 x 0.1023 RECTANGLE -----       6 Flashes
D85:  0.0472 x 0.0708 RECTANGLE -----      64 Flashes
D86:  0.0708 x 0.0472 RECTANGLE -----      72 Flashes
D87:  0.1063 x 0.0512 RECTANGLE -----      12 Flashes
D88:  0.0669 x 0.1417 RECTANGLE -----       4 Flashes
D89:  0.2086 SQUARE --       0 Draws,       4 Flashes
D90:  0.2047 SQUARE --       0 Draws,      16 Flashes
D91:  0.0945 ROUND  --       0 Draws,      16 Flashes
D92:  0.1850 ROUND  --       0 Draws,      10 Flashes
D93:  0.0787 SQUARE --       0 Draws,      12 Flashes
D94:  0.0394 SQUARE --       0 Draws,      10 Flashes
D95:  0.0630 x 0.0866 RECTANGLE -----       8 Flashes
D96:  0.0354 x 0.0275 RECTANGLE -----       6 Flashes
D97:  0.0866 x 0.0630 RECTANGLE -----       2 Flashes
D98:  0.0275 x 0.0354 RECTANGLE -----       2 Flashes
D99:  0.1299 ROUND  --       0 Draws,      16 Flashes
D100: 0.0984 ROUND  --       0 Draws,       4 Flashes
D101: 0.0979 x 0.0295 OBLONG    -----      21 Flashes
D102: 0.0979 x 0.0295 RECTANGLE -----       3 Flashes
D103: 0.0295 x 0.0979 OBLONG    -----      21 Flashes
D104: 0.0295 x 0.0979 RECTANGLE -----       3 Flashes
D105: 0.0964 SQUARE --       0 Draws,       4 Flashes
D106: 0.0964 ROUND  --       0 Draws,       6 Flashes
D107: 0.0551 SQUARE --       0 Draws,       2 Flashes
D108: 0.0748 x 0.1535 RECTANGLE -----       2 Flashes
D109: 0.0669 ROUND  --       0 Draws,      16 Flashes
D110: 0.0649 ROUND  --       0 Draws,       8 Flashes
D111: 0.0649 SQUARE --       0 Draws,       8 Flashes
D112: 0.0394 x 0.0670 RECTANGLE -----       4 Flashes
D113: 0.0925 x 0.0295 OBLONG    -----      15 Flashes
D114: 0.0925 x 0.0295 RECTANGLE -----       1 Flashes
D115: 0.1142 x 0.0551 OBLONG    -----       8 Flashes
D116: 0.0216 x 0.0728 OBLONG    -----      25 Flashes
D117: 0.0216 x 0.0728 RECTANGLE -----       3 Flashes
D118: 0.0472 ROUND  --       0 Draws,     132 Flashes
D119: 0.0472 ROUND  --       0 Draws,      50 Flashes
D120: 0.0157 ROUND  --       9 Draws,       0 Flashes
D121: 0.0098 ROUND  --    4088 Draws,       0 Flashes
D122: 0.0060 ROUND  --       8 Draws,       0 Flashes
D123: 0.0086 ROUND  --       4 Draws,       0 Flashes
D124: 0.0138 ROUND  --     206 Draws,       0 Flashes
---------------------------------------------------------
115 D-Codes      -----   41810 Draws,    4877 Flashes


No warnings or errors.
